<?xml version="1.0" encoding="UTF-8"?>
<!-- Generated by org.testng.reporters.JUnitReportReporter -->
<testsuite skipped="0" hostname="DESKTOP-AJRQH3L" name="seleniumAutomation.BrowserTabs" tests="1" failures="0" timestamp="2022-07-15T15:48:27 IST" time="14.098" errors="0">
  <testcase name="test" time="14.098" classname="seleniumAutomation.BrowserTabs"/>
  <system-out/>
</testsuite> <!-- seleniumAutomation.BrowserTabs -->
