<?xml version="1.0" encoding="UTF-8"?>
<!-- Generated by org.testng.reporters.JUnitReportReporter -->
<testsuite skipped="0" hostname="DESKTOP-AJRQH3L" name="seleniumAutomation.ActionClassOperation" tests="1" failures="0" timestamp="2022-07-15T15:48:27 IST" time="0.303" errors="0">
  <testcase name="actionClassTest" time="0.303" classname="seleniumAutomation.ActionClassOperation"/>
  <system-out/>
</testsuite> <!-- seleniumAutomation.ActionClassOperation -->
